✅ Log file created at: /home/caj/laundry-kiosk/hardware.log
Server running on port 3000
Arduino: >>> THESIS LOCKER SYSTEM STARTED <<<
Arduino: >>> SYSTEM READY. Insert Coins. <<<
Arduino: --- SYSTEM MONITOR ---
Arduino: L1: [OPEN  ] Wt: -0.0 kg
Arduino: L2: [OPEN  ] Wt: 0.0 kg
Arduino: CREDIT: 0.00 PHP
Arduino: --- SYSTEM MONITOR ---
Arduino: L1: [OPEN  ] Wt: 0.0 kg
Arduino: L2: [OPEN  ] Wt: -0.0 kg
Arduino: CREDIT: 0.00 PHP
Arduino: --- SYSTEM MONITOR ---
Arduino: L1: [OPEN  ] Wt: 0.0 kg
Arduino: L2: [OPEN  ] Wt: 0.0 kg
Arduino: CREDIT: 0.00 PHP
Arduino: --- SYSTEM MONITOR ---
Arduino: L1: [OPEN  ] Wt: 0.0 kg
Arduino: L2: [OPEN  ] Wt: -0.0 kg
Arduino: CREDIT: 0.00 PHP
Arduino: --- SYSTEM MONITOR ---
Arduino: L1: [OPEN  ] Wt: 0.0 kg
Arduino: L2: [OPEN  ] Wt: -0.0 kg
Arduino: CREDIT: 0.00 PHP
Arduino: --- SYSTEM MONITOR ---
Arduino: L1: [OPEN  ] Wt: 0.0 kg
Arduino: L2: [OPEN  ] Wt: 0.0 kg
Arduino: CREDIT: 0.00 PHP
Arduino: --- SYSTEM MONITOR ---
Arduino: L1: [OPEN  ] Wt: 0.0 kg
Arduino: L2: [OPEN  ] Wt: -0.0 kg
Arduino: CREDIT: 0.00 PHP
Arduino: --- SYSTEM MONITOR ---
Arduino: L1: [OPEN  ] Wt: -0.0 kg
Arduino: L2: [OPEN  ] Wt: 0.0 kg
Arduino: CREDIT: 0.00 PHP
Arduino: --- SYSTEM MONITOR ---
Arduino: L1: [OPEN  ] Wt: -0.0 kg
Arduino: L2: [OPEN  ] Wt: -0.0 kg
Arduino: CREDIT: 0.00 PHP
Arduino: --- SYSTEM MONITOR ---
Arduino: L1: [OPEN  ] Wt: -0.0 kg
Arduino: L2: [OPEN  ] Wt: 0.0 kg
Arduino: CREDIT: 0.00 PHP
Arduino: --- SYSTEM MONITOR ---
Arduino: L1: [OPEN  ] Wt: -0.0 kg
Arduino: L2: [OPEN  ] Wt: -0.0 kg
Arduino: CREDIT: 0.00 PHP
Arduino: --- SYSTEM MONITOR ---
Arduino: L1: [OPEN  ] Wt: -0.0 kg
Arduino: L2: [OPEN  ] Wt: 0.0 kg
Arduino: CREDIT: 0.00 PHP
Arduino: --- SYSTEM MONITOR ---
Arduino: L1: [OPEN  ] Wt: -0.0 kg
Arduino: L2: [OPEN  ] Wt: -0.0 kg
Arduino: CREDIT: 0.00 PHP
Arduino: --- SYSTEM MONITOR ---
Arduino: L1: [OPEN  ] Wt: 0.0 kg
Arduino: L2: [OPEN  ] Wt: -0.0 kg
Arduino: CREDIT: 0.00 PHP
Arduino: --- SYSTEM MONITOR ---
Arduino: L1: [OPEN  ] Wt: -0.0 kg
Arduino: L2: [OPEN  ] Wt: -0.0 kg
Arduino: CREDIT: 0.00 PHP
Arduino: --- SYSTEM MONITOR ---
Arduino: L1: [OPEN  ] Wt: -0.0 kg
Arduino: L2: [OPEN  ] Wt: -0.0 kg
Arduino: CREDIT: 0.00 PHP
Arduino: --- SYSTEM MONITOR ---
Arduino: L1: [OPEN  ] Wt: -0.0 kg
Arduino: L2: [OPEN  ] Wt: -0.0 kg
Arduino: CREDIT: 0.00 PHP
Arduino: --- SYSTEM MONITOR ---
Arduino: L1: [OPEN  ] Wt: 0.0 kg
Arduino: L2: [OPEN  ] Wt: -0.0 kg
Arduino: CREDIT: 0.00 PHP
Arduino: --- SYSTEM MONITOR ---
Arduino: L1: [OPEN  ] Wt: 0.0 kg
Arduino: L2: [OPEN  ] Wt: 0.0 kg
Arduino: CREDIT: 0.00 PHP
Arduino: --- SYSTEM MONITOR ---
Arduino: L1: [OPEN  ] Wt: 0.0 kg
Arduino: L2: [OPEN  ] Wt: -0.0 kg
Arduino: CREDIT: 0.00 PHP
Arduino: --- SYSTEM MONITOR ---
Arduino: L1: [OPEN  ] Wt: 0.0 kg
Arduino: L2: [OPEN  ] Wt: -0.0 kg
Arduino: CREDIT: 0.00 PHP
Arduino: --- SYSTEM MONITOR ---
Arduino: L1: [OPEN  ] Wt: 0.0 kg
Arduino: L2: [OPEN  ] Wt: -0.0 kg
Arduino: CREDIT: 0.00 PHP
Arduino: --- SYSTEM MONITOR ---
Arduino: L1: [OPEN  ] Wt: 0.0 kg
Arduino: L2: [OPEN  ] Wt: -0.0 kg
Arduino: CREDIT: 0.00 PHP
Arduino: --- SYSTEM MONITOR ---
Arduino: L1: [OPEN  ] Wt: 0.0 kg
Arduino: L2: [OPEN  ] Wt: 0.0 kg
Arduino: CREDIT: 0.00 PHP
Arduino: --- SYSTEM MONITOR ---
Arduino: L1: [OPEN  ] Wt: -0.0 kg
Arduino: L2: [OPEN  ] Wt: 0.0 kg
Arduino: CREDIT: 0.00 PHP
Arduino: --- SYSTEM MONITOR ---
Arduino: L1: [OPEN  ] Wt: 0.0 kg
Arduino: L2: [OPEN  ] Wt: 0.0 kg
Arduino: CREDIT: 0.00 PHP
Arduino: --- SYSTEM MONITOR ---
Arduino: L1: [OPEN  ] Wt: 0.0 kg
Arduino: L2: [OPEN  ] Wt: 0.0 kg
Arduino: CREDIT: 0.00 PHP
Arduino: --- SYSTEM MONITOR ---
Arduino: L1: [OPEN  ] Wt: 0.0 kg
Arduino: L2: [OPEN  ] Wt: -0.0 kg
Arduino: CREDIT: 0.00 PHP
Arduino: --- SYSTEM MONITOR ---
Arduino: L1: [OPEN  ] Wt: 0.0 kg
Arduino: L2: [OPEN  ] Wt: -0.0 kg
Arduino: CREDIT: 0.00 PHP
Arduino: >>> COIN SIGNAL: 1 pulses
Arduino: [+] Accepted: 1 PHP
Arduino: [=] TOTAL CREDIT: 1.00 PHP
Arduino: --------------------------------
Arduino: --- SYSTEM MONITOR ---
Arduino: L1: [OPEN  ] Wt: 0.0 kg
Arduino: L2: [OPEN  ] Wt: 0.0 kg
Arduino: CREDIT: 1.00 PHP
Arduino: --- SYSTEM MONITOR ---
Arduino: L1: [OPEN  ] Wt: 0.0 kg
Arduino: L2: [OPEN  ] Wt: -0.0 kg
Arduino: CREDIT: 1.00 PHP
Arduino: --- SYSTEM MONITOR ---
Arduino: L1: [OPEN  ] Wt: 0.0 kg
Arduino: L2: [OPEN  ] Wt: -0.0 kg
Arduino: CREDIT: 1.00 PHP
Arduino: --- SYSTEM MONITOR ---
Arduino: L1: [OPEN  ] Wt: 0.0 kg
Arduino: L2: [OPEN  ] Wt: 0.0 kg
Arduino: CREDIT: 1.00 PHP
Arduino: >>> COIN SIGNAL: 1 pulses
Arduino: [+] Accepted: 1 PHP
Arduino: [=] TOTAL CREDIT: 2.00 PHP
Arduino: --------------------------------
Arduino: --- SYSTEM MONITOR ---
Arduino: L1: [OPEN  ] Wt: 0.0 kg
Arduino: L2: [OPEN  ] Wt: -0.0 kg
Arduino: CREDIT: 2.00 PHP
Arduino: --- SYSTEM MONITOR ---
Arduino: L1: [OPEN  ] Wt: -0.0 kg
Arduino: L2: [OPEN  ] Wt: -0.0 kg
Arduino: CREDIT: 2.00 PHP
Arduino: --- SYSTEM MONITOR ---
Arduino: L1: [OPEN  ] Wt: 0.0 kg
Arduino: L2: [OPEN  ] Wt: 0.0 kg
Arduino: CREDIT: 2.00 PHP
Arduino: >>> COIN SIGNAL: 5 pulses
Arduino: [+] Accepted: 5 PHP
Arduino: [=] TOTAL CREDIT: 7.00 PHP
Arduino: --------------------------------
Arduino: --- SYSTEM MONITOR ---
Arduino: L1: [OPEN  ] Wt: 0.0 kg
Arduino: L2: [OPEN  ] Wt: 0.0 kg
Arduino: CREDIT: 7.00 PHP
Arduino: --- SYSTEM MONITOR ---
Arduino: L1: [OPEN  ] Wt: 0.0 kg
Arduino: L2: [OPEN  ] Wt: -0.0 kg
Arduino: CREDIT: 7.00 PHP
Arduino: --- SYSTEM MONITOR ---
Arduino: L1: [OPEN  ] Wt: 0.0 kg
Arduino: L2: [OPEN  ] Wt: 0.0 kg
Arduino: CREDIT: 7.00 PHP
Arduino: --- SYSTEM MONITOR ---
Arduino: L1: [OPEN  ] Wt: 0.0 kg
Arduino: L2: [OPEN  ] Wt: -0.0 kg
Arduino: CREDIT: 7.00 PHP
Arduino: >>> COIN SIGNAL: 5 pulses
Arduino: [+] Accepted: 5 PHP
Arduino: [=] TOTAL CREDIT: 12.00 PHP
Arduino: --------------------------------
Arduino: --- SYSTEM MONITOR ---
Arduino: L1: [OPEN  ] Wt: 0.0 kg
Arduino: L2: [OPEN  ] Wt: 0.0 kg
Arduino: CREDIT: 12.00 PHP
Arduino: --- SYSTEM MONITOR ---
Arduino: L1: [OPEN  ] Wt: 0.0 kg
Arduino: L2: [OPEN  ] Wt: -0.0 kg
Arduino: CREDIT: 12.00 PHP
Arduino: --- SYSTEM MONITOR ---
Arduino: L1: [OPEN  ] Wt: 0.0 kg
Arduino: L2: [OPEN  ] Wt: 0.0 kg
Arduino: CREDIT: 12.00 PHP
Arduino: --- SYSTEM MONITOR ---
Arduino: L1: [OPEN  ] Wt: 0.0 kg
Arduino: L2: [OPEN  ] Wt: -0.0 kg
Arduino: CREDIT: 12.00 PHP
Arduino: --- SYSTEM MONITOR ---
Arduino: L1: [OPEN  ] Wt: 0.0 kg
Arduino: L2: [OPEN  ] Wt: 0.0 kg
Arduino: CREDIT: 12.00 PHP
Arduino: >>> COIN SIGNAL: 10 pulses
Arduino: [+] Accepted: 10 PHP
Arduino: [=] TOTAL CREDIT: 22.00 PHP
Arduino: --------------------------------
Arduino: --- SYSTEM MONITOR ---
Arduino: L1: [OPEN  ] Wt: -0.0 kg
Arduino: L2: [OPEN  ] Wt: -0.0 kg
Arduino: CREDIT: 22.00 PHP
Arduino: --- SYSTEM MONITOR ---
Arduino: L1: [OPEN  ] Wt: -0.0 kg
Arduino: L2: [OPEN  ] Wt: 0.0 kg
Arduino: CREDIT: 22.00 PHP
Arduino: --- SYSTEM MONITOR ---
Arduino: L1: [OPEN  ] Wt: 0.0 kg
Arduino: L2: [OPEN  ] Wt: -0.0 kg
Arduino: CREDIT: 22.00 PHP
Arduino: >>> COIN SIGNAL: 10 pulses
Arduino: [+] Accepted: 10 PHP
Arduino: [=] TOTAL CREDIT: 32.00 PHP
Arduino: --------------------------------
Arduino: --- SYSTEM MONITOR ---
Arduino: L1: [OPEN  ] Wt: -0.0 kg
Arduino: L2: [OPEN  ] Wt: 0.0 kg
Arduino: CREDIT: 32.00 PHP
Arduino: --- SYSTEM MONITOR ---
Arduino: L1: [OPEN  ] Wt: 0.0 kg
Arduino: L2: [OPEN  ] Wt: 0.0 kg
Arduino: CREDIT: 32.00 PHP
Arduino: --- SYSTEM MONITOR ---
Arduino: L1: [OPEN  ] Wt: 0.0 kg
Arduino: L2: [OPEN  ] Wt: -0.0 kg
Arduino: CREDIT: 32.00 PHP
Arduino: --- SYSTEM MONITOR ---
Arduino: L1: [OPEN  ] Wt: 0.0 kg
Arduino: L2: [OPEN  ] Wt: 0.0 kg
Arduino: CREDIT: 32.00 PHP
Arduino: >>> COIN SIGNAL: 20 pulses
Arduino: [+] Accepted: 20 PHP
Arduino: [=] TOTAL CREDIT: 52.00 PHP
Arduino: --------------------------------
Arduino: --- SYSTEM MONITOR ---
Arduino: L1: [OPEN  ] Wt: -0.0 kg
Arduino: L2: [OPEN  ] Wt: 0.0 kg
Arduino: CREDIT: 52.00 PHP
Arduino: --- SYSTEM MONITOR ---
Arduino: L1: [OPEN  ] Wt: 0.0 kg
Arduino: L2: [OPEN  ] Wt: 0.0 kg
Arduino: CREDIT: 52.00 PHP
Arduino: --- SYSTEM MONITOR ---
Arduino: L1: [OPEN  ] Wt: 0.0 kg
Arduino: L2: [OPEN  ] Wt: 0.0 kg
Arduino: CREDIT: 52.00 PHP
Arduino: --- SYSTEM MONITOR ---
Arduino: L1: [OPEN  ] Wt: 0.0 kg
Arduino: L2: [OPEN  ] Wt: 0.0 kg
Arduino: CREDIT: 52.00 PHP
Arduino: --- SYSTEM MONITOR ---
Arduino: L1: [OPEN  ] Wt: 0.0 kg
Arduino: L2: [OPEN  ] Wt: 0.0 kg
Arduino: CREDIT: 52.00 PHP
Arduino: --- SYSTEM MONITOR ---
Arduino: L1: [OPEN  ] Wt: 0.0 kg
Arduino: L2: [OPEN  ] Wt: 0.0 kg
Arduino: CREDIT: 52.00 PHP
Arduino: --- SYSTEM MONITOR ---
Arduino: L1: [OPEN  ] Wt: 0.0 kg
Arduino: L2: [OPEN  ] Wt: 0.0 kg
Arduino: CREDIT: 52.00 PHP
Arduino: --- SYSTEM MONITOR ---
Arduino: L1: [OPEN  ] Wt: 0.0 kg
Arduino: L2: [OPEN  ] Wt: 0.0 kg
Arduino: CREDIT: 52.00 PHP
Arduino: --- SYSTEM MONITOR ---
Arduino: L1: [OPEN  ] Wt: 0.0 kg
Arduino: L2: [OPEN  ] Wt: 0.0 kg
Arduino: CREDIT: 52.00 PHP
Arduino: --- SYSTEM MONITOR ---
Arduino: L1: [OPEN  ] Wt: 0.0 kg
Arduino: L2: [OPEN  ] Wt: 0.0 kg
Arduino: CREDIT: 52.00 PHP
Arduino: --- SYSTEM MONITOR ---
Arduino: L1: [OPEN  ] Wt: 0.0 kg
Arduino: L2: [OPEN  ] Wt: 0.0 kg
Arduino: CREDIT: 52.00 PHP
Arduino: --- SYSTEM MONITOR ---
Arduino: L1: [OPEN  ] Wt: 0.0 kg
Arduino: L2: [OPEN  ] Wt: 0.0 kg
Arduino: CREDIT: 52.00 PHP
Arduino: --- SYSTEM MONITOR ---
Arduino: L1: [OPEN  ] Wt: 0.0 kg
Arduino: L2: [OPEN  ] Wt: 0.0 kg
Arduino: CREDIT: 52.00 PHP
Arduino: --- SYSTEM MONITOR ---
Arduino: L1: [OPEN  ] Wt: 0.0 kg
Arduino: L2: [OPEN  ] Wt: 0.0 kg
Arduino: CREDIT: 52.00 PHP
Arduino: --- SYSTEM MONITOR ---
Arduino: L1: [OPEN  ] Wt: 0.0 kg
Arduino: L2: [OPEN  ] Wt: 0.0 kg
Arduino: CREDIT: 52.00 PHP
Arduino: --- SYSTEM MONITOR ---
Arduino: L1: [OPEN  ] Wt: 0.0 kg
Arduino: L2: [OPEN  ] Wt: 0.0 kg
Arduino: CREDIT: 52.00 PHP
Arduino: >>> COIN SIGNAL: 20 pulses
Arduino: [+] Accepted: 20 PHP
Arduino: [=] TOTAL CREDIT: 72.00 PHP
Arduino: --------------------------------
Arduino: --- SYSTEM MONITOR ---
Arduino: L1: [OPEN  ] Wt: -0.0 kg
Arduino: L2: [OPEN  ] Wt: -0.0 kg
Arduino: CREDIT: 72.00 PHP
Arduino: --- SYSTEM MONITOR ---
Arduino: L1: [OPEN  ] Wt: 0.0 kg
Arduino: L2: [OPEN  ] Wt: 0.0 kg
Arduino: CREDIT: 72.00 PHP
Arduino: --- SYSTEM MONITOR ---
Arduino: L1: [OPEN  ] Wt: 0.0 kg
Arduino: L2: [OPEN  ] Wt: 0.0 kg
Arduino: CREDIT: 72.00 PHP
Arduino: --- SYSTEM MONITOR ---
Arduino: L1: [OPEN  ] Wt: 0.0 kg
Arduino: L2: [OPEN  ] Wt: 0.0 kg
Arduino: CREDIT: 72.00 PHP
Arduino: --- SYSTEM MONITOR ---
Arduino: L1: [OPEN  ] Wt: 0.0 kg
Arduino: L2: [OPEN  ] Wt: 0.0 kg
Arduino: CREDIT: 72.00 PHP
Arduino: --- SYSTEM MONITOR ---
Arduino: L1: [OPEN  ] Wt: -0.0 kg
Arduino: L2: [OPEN  ] Wt: 0.0 kg
Arduino: CREDIT: 72.00 PHP
Arduino: >>> COIN SIGNAL: 40 pulses
Arduino: [!] ERROR: Unregistered Pulse Count
Arduino: --------------------------------
Arduino: --- SYSTEM MONITOR ---
Arduino: L1: [OPEN  ] Wt: 0.0 kg
Arduino: L2: [OPEN  ] Wt: 0.0 kg
Arduino: CREDIT: 72.00 PHP
Arduino: --- SYSTEM MONITOR ---
Arduino: L1: [OPEN  ] Wt: 0.0 kg
Arduino: L2: [OPEN  ] Wt: 0.0 kg
Arduino: CREDIT: 72.00 PHP
Arduino: --- SYSTEM MONITOR ---
Arduino: L1: [OPEN  ] Wt: 0.0 kg
Arduino: L2: [OPEN  ] Wt: 0.0 kg
Arduino: CREDIT: 72.00 PHP
Arduino: >>> COIN SIGNAL: 20 pulses
Arduino: [+] Accepted: 20 PHP
Arduino: [=] TOTAL CREDIT: 92.00 PHP
Arduino: --------------------------------
Arduino: --- SYSTEM MONITOR ---
Arduino: L1: [OPEN  ] Wt: 0.0 kg
Arduino: L2: [OPEN  ] Wt: 0.0 kg
Arduino: CREDIT: 92.00 PHP
Arduino: --- SYSTEM MONITOR ---
Arduino: L1: [OPEN  ] Wt: -0.0 kg
Arduino: L2: [OPEN  ] Wt: 0.0 kg
Arduino: CREDIT: 92.00 PHP
Arduino: --- SYSTEM MONITOR ---
Arduino: L1: [OPEN  ] Wt: 0.0 kg
Arduino: L2: [OPEN  ] Wt: 0.0 kg
Arduino: CREDIT: 92.00 PHP
Arduino: --- SYSTEM MONITOR ---
Arduino: L1: [OPEN  ] Wt: -0.0 kg
Arduino: L2: [OPEN  ] Wt: 0.0 kg
Arduino: CREDIT: 92.00 PHP
Arduino: --- SYSTEM MONITOR ---
Arduino: L1: [OPEN  ] Wt: 0.0 kg
Arduino: L2: [OPEN  ] Wt: 0.0 kg
Arduino: CREDIT: 92.00 PHP
Arduino: --- SYSTEM MONITOR ---
Arduino: L1: [OPEN  ] Wt: -0.0 kg
Arduino: L2: [OPEN  ] Wt: -0.0 kg
Arduino: CREDIT: 92.00 PHP
Arduino: --- SYSTEM MONITOR ---
Arduino: L1: [OPEN  ] Wt: 0.0 kg
Arduino: L2: [OPEN  ] Wt: -0.0 kg
Arduino: CREDIT: 92.00 PHP
Arduino: --- SYSTEM MONITOR ---
Arduino: L1: [OPEN  ] Wt: -0.0 kg
Arduino: L2: [OPEN  ] Wt: 0.0 kg
Arduino: CREDIT: 92.00 PHP
Arduino: --- SYSTEM MONITOR ---
Arduino: L1: [OPEN  ] Wt: 0.0 kg
Arduino: L2: [OPEN  ] Wt: 0.0 kg
Arduino: CREDIT: 92.00 PHP
Arduino: >>> COIN SIGNAL: 20 pulses
Arduino: [+] Accepted: 20 PHP
Arduino: [=] TOTAL CREDIT: 112.00 PHP
Arduino: --------------------------------
Arduino: --- SYSTEM MONITOR ---
Arduino: L1: [OPEN  ] Wt: -0.0 kg
Arduino: L2: [OPEN  ] Wt: -0.0 kg
Arduino: CREDIT: 112.00 PHP
Arduino: --- SYSTEM MONITOR ---
Arduino: L1: [OPEN  ] Wt: 0.0 kg
Arduino: L2: [OPEN  ] Wt: 0.0 kg
Arduino: CREDIT: 112.00 PHP
Arduino: --- SYSTEM MONITOR ---
Arduino: L1: [OPEN  ] Wt: 0.0 kg
Arduino: L2: [OPEN  ] Wt: 0.0 kg
Arduino: CREDIT: 112.00 PHP
Arduino: --- SYSTEM MONITOR ---
Arduino: L1: [OPEN  ] Wt: 0.0 kg
Arduino: L2: [OPEN  ] Wt: 0.0 kg
Arduino: CREDIT: 112.00 PHP
Arduino: >>> COIN SIGNAL: 20 pulses
Arduino: [+] Accepted: 20 PHP
Arduino: [=] TOTAL CREDIT: 132.00 PHP
Arduino: --------------------------------
Arduino: --- SYSTEM MONITOR ---
Arduino: L1: [OPEN  ] Wt: 0.0 kg
Arduino: L2: [OPEN  ] Wt: -0.0 kg
Arduino: CREDIT: 132.00 PHP
Arduino: --- SYSTEM MONITOR ---
Arduino: L1: [OPEN  ] Wt: -0.0 kg
Arduino: L2: [OPEN  ] Wt: 0.0 kg
Arduino: CREDIT: 132.00 PHP
Arduino: --- SYSTEM MONITOR ---
Arduino: L1: [OPEN  ] Wt: 0.0 kg
Arduino: L2: [OPEN  ] Wt: 0.0 kg
Arduino: CREDIT: 132.00 PHP
Arduino: >>> COIN SIGNAL: 20 pulses
Arduino: [+] Accepted: 20 PHP
Arduino: [=] TOTAL CREDIT: 152.00 PHP
Arduino: --------------------------------
Arduino: --- SYSTEM MONITOR ---
Arduino: L1: [OPEN  ] Wt: 0.0 kg
Arduino: L2: [OPEN  ] Wt: 0.0 kg
Arduino: CREDIT: 152.00 PHP
Arduino: --- SYSTEM MONITOR ---
Arduino: L1: [OPEN  ] Wt: 0.0 kg
Arduino: L2: [OPEN  ] Wt: 0.0 kg
Arduino: CREDIT: 152.00 PHP
Arduino: --- SYSTEM MONITOR ---
Arduino: L1: [OPEN  ] Wt: 0.0 kg
Arduino: L2: [OPEN  ] Wt: 0.0 kg
Arduino: CREDIT: 152.00 PHP
Arduino: --- SYSTEM MONITOR ---
Arduino: L1: [OPEN  ] Wt: 0.0 kg
Arduino: L2: [OPEN  ] Wt: 0.0 kg
Arduino: CREDIT: 152.00 PHP
Arduino: --- SYSTEM MONITOR ---
Arduino: L1: [OPEN  ] Wt: 0.0 kg
Arduino: L2: [OPEN  ] Wt: 0.0 kg
Arduino: CREDIT: 152.00 PHP
Arduino: --- SYSTEM MONITOR ---
Arduino: L1: [OPEN  ] Wt: 0.0 kg
Arduino: L2: [OPEN  ] Wt: 0.0 kg
Arduino: CREDIT: 152.00 PHP
Arduino: >>> COIN SIGNAL: 20 pulses
Arduino: [+] Accepted: 20 PHP
Arduino: [=] TOTAL CREDIT: 172.00 PHP
Arduino: --------------------------------
Arduino: --- SYSTEM MONITOR ---
Arduino: L1: [OPEN  ] Wt: 0.0 kg
Arduino: L2: [OPEN  ] Wt: 0.0 kg
Arduino: CREDIT: 172.00 PHP
Arduino: --- SYSTEM MONITOR ---
Arduino: L1: [OPEN  ] Wt: 0.0 kg
Arduino: L2: [OPEN  ] Wt: 0.0 kg
Arduino: CREDIT: 172.00 PHP
Arduino: --- SYSTEM MONITOR ---
Arduino: L1: [OPEN  ] Wt: 0.0 kg
Arduino: L2: [OPEN  ] Wt: 0.0 kg
Arduino: CREDIT: 172.00 PHP
Arduino: --- SYSTEM MONITOR ---
Arduino: L1: [OPEN  ] Wt: 0.0 kg
Arduino: L2: [OPEN  ] Wt: 0.0 kg
Arduino: CREDIT: 172.00 PHP
Arduino: >>> COIN SIGNAL: 20 pulses
Arduino: [+] Accepted: 20 PHP
Arduino: [=] TOTAL CREDIT: 192.00 PHP
Arduino: --------------------------------
Arduino: --- SYSTEM MONITOR ---
Arduino: L1: [OPEN  ] Wt: 0.0 kg
Arduino: L2: [OPEN  ] Wt: 0.0 kg
Arduino: CREDIT: 192.00 PHP
Arduino: --- SYSTEM MONITOR ---
Arduino: L1: [OPEN  ] Wt: 0.0 kg
Arduino: L2: [OPEN  ] Wt: 0.0 kg
Arduino: CREDIT: 192.00 PHP
Arduino: --- SYSTEM MONITOR ---
Arduino: L1: [OPEN  ] Wt: 0.0 kg
Arduino: L2: [OPEN  ] Wt: 0.0 kg
Arduino: CREDIT: 192.00 PHP
Arduino: --- SYSTEM MONITOR ---
Arduino: L1: [OPEN  ] Wt: 0.0 kg
Arduino: L2: [OPEN  ] Wt: 0.0 kg
Arduino: CREDIT: 192.00 PHP
Arduino: >>> COIN SIGNAL: 20 pulses
Arduino: [+] Accepted: 20 PHP
Arduino: [=] TOTAL CREDIT: 212.00 PHP
Arduino: --------------------------------
Arduino: --- SYSTEM MONITOR ---
Arduino: L1: [OPEN  ] Wt: 0.0 kg
Arduino: L2: [OPEN  ] Wt: 0.0 kg
Arduino: CREDIT: 212.00 PHP
Arduino: --- SYSTEM MONITOR ---
Arduino: L1: [OPEN  ] Wt: 0.0 kg
Arduino: L2: [OPEN  ] Wt: 0.0 kg
Arduino: CREDIT: 212.00 PHP
Arduino: --- SYSTEM MONITOR ---
Arduino: L1: [OPEN  ] Wt: 0.0 kg
Arduino: L2: [OPEN  ] Wt: 0.0 kg
Arduino: CREDIT: 212.00 PHP
Arduino: --- SYSTEM MONITOR ---
Arduino: L1: [OPEN  ] Wt: 0.0 kg
Arduino: L2: [OPEN  ] Wt: 0.0 kg
Arduino: CREDIT: 212.00 PHP
Arduino: >>> COIN SIGNAL: 1 pulses
Arduino: [+] Accepted: 1 PHP
Arduino: [=] TOTAL CREDIT: 213.00 PHP
Arduino: --------------------------------
Arduino: --- SYSTEM MONITOR ---
Arduino: L1: [OPEN  ] Wt: 0.0 kg
Arduino: L2: [OPEN  ] Wt: 0.0 kg
Arduino: CREDIT: 213.00 PHP
Arduino: --- SYSTEM MONITOR ---
Arduino: L1: [OPEN  ] Wt: 0.0 kg
Arduino: L2: [OPEN  ] Wt: 0.0 kg
Arduino: CREDIT: 213.00 PHP
Arduino: --- SYSTEM MONITOR ---
Arduino: L1: [OPEN  ] Wt: -0.0 kg
Arduino: L2: [OPEN  ] Wt: 0.0 kg
Arduino: CREDIT: 213.00 PHP
Arduino: --- SYSTEM MONITOR ---
Arduino: L1: [OPEN  ] Wt: 0.0 kg
Arduino: L2: [OPEN  ] Wt: 0.0 kg
Arduino: CREDIT: 213.00 PHP
Arduino: --- SYSTEM MONITOR ---
Arduino: L1: [OPEN  ] Wt: -0.0 kg
Arduino: L2: [OPEN  ] Wt: 0.0 kg
Arduino: CREDIT: 213.00 PHP
Arduino: --- SYSTEM MONITOR ---
Arduino: L1: [OPEN  ] Wt: 0.0 kg
Arduino: L2: [OPEN  ] Wt: 0.0 kg
Arduino: CREDIT: 213.00 PHP
Arduino: --- SYSTEM MONITOR ---
Arduino: L1: [OPEN  ] Wt: 0.0 kg
Arduino: L2: [OPEN  ] Wt: 0.0 kg
Arduino: CREDIT: 213.00 PHP
Arduino: --- SYSTEM MONITOR ---
Arduino: L1: [OPEN  ] Wt: 0.0 kg
Arduino: L2: [OPEN  ] Wt: 0.0 kg
Arduino: CREDIT: 213.00 PHP
Arduino: --- SYSTEM MONITOR ---
Arduino: L1: [OPEN  ] Wt: 0.0 kg
Arduino: L2: [OPEN  ] Wt: 0.0 kg
Arduino: CREDIT: 213.00 PHP
Arduino: --- SYSTEM MONITOR ---
Arduino: L1: [OPEN  ] Wt: -0.0 kg
Arduino: L2: [OPEN  ] Wt: -0.0 kg
Arduino: CREDIT: 213.00 PHP
Arduino: --- SYSTEM MONITOR ---
Arduino: L1: [OPEN  ] Wt: 0.0 kg
Arduino: L2: [OPEN  ] Wt: -0.0 kg
Arduino: CREDIT: 213.00 PHP
Arduino: --- SYSTEM MONITOR ---
Arduino: L1: [OPEN  ] Wt: 0.1 kg
Arduino: L2: [OPEN  ] Wt: 0.1 kg
Arduino: CREDIT: 213.00 PHP
Arduino: --- SYSTEM MONITOR ---
Arduino: L1: [OPEN  ] Wt: 0.0 kg
Arduino: L2: [OPEN  ] Wt: 0.0 kg
Arduino: CREDIT: 213.00 PHP
Arduino: --- SYSTEM MONITOR ---
Arduino: L1: [OPEN  ] Wt: 0.0 kg
Arduino: L2: [OPEN  ] Wt: 0.0 kg
Arduino: CREDIT: 213.00 PHP
Arduino: --- SYSTEM MONITOR ---
Arduino: L1: [OPEN  ] Wt: 0.0 kg
Arduino: L2: [OPEN  ] Wt: 0.0 kg
Arduino: CREDIT: 213.00 PHP
Arduino: --- SYSTEM MONITOR ---
Arduino: L1: [OPEN  ] Wt: 0.0 kg
Arduino: L2: [OPEN  ] Wt: 0.0 kg
Arduino: CREDIT: 213.00 PHP
Arduino: --- SYSTEM MONITOR ---
Arduino: L1: [OPEN  ] Wt: 0.0 kg
Arduino: L2: [OPEN  ] Wt: 0.1 kg
Arduino: CREDIT: 213.00 PHP
Arduino: --- SYSTEM MONITOR ---
Arduino: L1: [OPEN  ] Wt: 0.0 kg
Arduino: L2: [OPEN  ] Wt: 1.2 kg
Arduino: CREDIT: 213.00 PHP
Arduino: --- SYSTEM MONITOR ---
Arduino: L1: [OPEN  ] Wt: 0.0 kg
Arduino: L2: [OPEN  ] Wt: 1.3 kg
Arduino: CREDIT: 213.00 PHP
Arduino: --- SYSTEM MONITOR ---
Arduino: L1: [OPEN  ] Wt: 0.0 kg
Arduino: L2: [OPEN  ] Wt: 1.3 kg
Arduino: CREDIT: 213.00 PHP
Arduino: --- SYSTEM MONITOR ---
Arduino: L1: [OPEN  ] Wt: 0.0 kg
Arduino: L2: [OPEN  ] Wt: 1.3 kg
Arduino: CREDIT: 213.00 PHP
Arduino: --- SYSTEM MONITOR ---
Arduino: L1: [OPEN  ] Wt: 0.0 kg
Arduino: L2: [OPEN  ] Wt: 1.3 kg
Arduino: CREDIT: 213.00 PHP
Arduino: --- SYSTEM MONITOR ---
Arduino: L1: [OPEN  ] Wt: 0.0 kg
Arduino: L2: [OPEN  ] Wt: 1.3 kg
Arduino: CREDIT: 213.00 PHP
Arduino: --- SYSTEM MONITOR ---
Arduino: L1: [OPEN  ] Wt: 0.0 kg
Arduino: L2: [OPEN  ] Wt: 1.3 kg
Arduino: CREDIT: 213.00 PHP
